  [1m[35m (0.1ms)[0m  [1m[35mDROP TABLE IF EXISTS "cities"[0m
  [1m[35m (4.2ms)[0m  [1m[35mCREATE TABLE "cities" ("id" integer PRIMARY KEY AUTOINCREMENT NOT NULL, "name" varchar, "zip_code" varchar, "created_at" datetime(6) NOT NULL, "updated_at" datetime(6) NOT NULL)[0m
  [1m[35m (0.1ms)[0m  [1m[35mDROP TABLE IF EXISTS "comments"[0m
  [1m[35m (3.1ms)[0m  [1m[35mCREATE TABLE "comments" ("id" integer PRIMARY KEY AUTOINCREMENT NOT NULL, "content" text, "gossip_id" integer, "created_at" datetime(6) NOT NULL, "updated_at" datetime(6) NOT NULL, "user_id" integer)[0m
  [1m[35m (4.4ms)[0m  [1m[35mCREATE INDEX "index_comments_on_gossip_id" ON "comments" ("gossip_id")[0m
  [1m[35m (4.5ms)[0m  [1m[35mCREATE INDEX "index_comments_on_user_id" ON "comments" ("user_id")[0m
  [1m[35m (0.2ms)[0m  [1m[35mDROP TABLE IF EXISTS "gossips"[0m
  [1m[35m (3.5ms)[0m  [1m[35mCREATE TABLE "gossips" ("id" integer PRIMARY KEY AUTOINCREMENT NOT NULL, "title" varchar, "content" text, "user_id" integer, "created_at" datetime(6) NOT NULL, "updated_at" datetime(6) NOT NULL)[0m
  [1m[35m (1.5ms)[0m  [1m[35mCREATE INDEX "index_gossips_on_user_id" ON "gossips" ("user_id")[0m
  [1m[35m (0.1ms)[0m  [1m[35mDROP TABLE IF EXISTS "intertags"[0m
  [1m[35m (1.4ms)[0m  [1m[35mCREATE TABLE "intertags" ("id" integer PRIMARY KEY AUTOINCREMENT NOT NULL, "gossip_id" integer, "tag_id" integer, "created_at" datetime(6) NOT NULL, "updated_at" datetime(6) NOT NULL)[0m
  [1m[35m (6.9ms)[0m  [1m[35mCREATE INDEX "index_intertags_on_gossip_id" ON "intertags" ("gossip_id")[0m
  [1m[35m (2.8ms)[0m  [1m[35mCREATE INDEX "index_intertags_on_tag_id" ON "intertags" ("tag_id")[0m
  [1m[35m (0.2ms)[0m  [1m[35mDROP TABLE IF EXISTS "likes"[0m
  [1m[35m (1.3ms)[0m  [1m[35mCREATE TABLE "likes" ("id" integer PRIMARY KEY AUTOINCREMENT NOT NULL, "imageable_type" varchar, "imageable_id" integer, "created_at" datetime(6) NOT NULL, "updated_at" datetime(6) NOT NULL, "user_id" integer)[0m
  [1m[35m (6.2ms)[0m  [1m[35mCREATE INDEX "index_likes_on_imageable" ON "likes" ("imageable_type", "imageable_id")[0m
  [1m[35m (2.4ms)[0m  [1m[35mCREATE INDEX "index_likes_on_user_id" ON "likes" ("user_id")[0m
  [1m[35m (0.1ms)[0m  [1m[35mDROP TABLE IF EXISTS "private_messages"[0m
  [1m[35m (2.2ms)[0m  [1m[35mCREATE TABLE "private_messages" ("id" integer PRIMARY KEY AUTOINCREMENT NOT NULL, "recipient_id" integer, "sender_id" integer, "created_at" datetime(6) NOT NULL, "updated_at" datetime(6) NOT NULL)[0m
  [1m[35m (2.0ms)[0m  [1m[35mCREATE INDEX "index_private_messages_on_recipient_id" ON "private_messages" ("recipient_id")[0m
  [1m[35m (2.3ms)[0m  [1m[35mCREATE INDEX "index_private_messages_on_sender_id" ON "private_messages" ("sender_id")[0m
  [1m[35m (0.1ms)[0m  [1m[35mDROP TABLE IF EXISTS "tags"[0m
  [1m[35m (2.5ms)[0m  [1m[35mCREATE TABLE "tags" ("id" integer PRIMARY KEY AUTOINCREMENT NOT NULL, "title" varchar, "created_at" datetime(6) NOT NULL, "updated_at" datetime(6) NOT NULL)[0m
  [1m[35m (0.2ms)[0m  [1m[35mDROP TABLE IF EXISTS "users"[0m
  [1m[35m (2.4ms)[0m  [1m[35mCREATE TABLE "users" ("id" integer PRIMARY KEY AUTOINCREMENT NOT NULL, "first_name" varchar, "last_name" varchar, "description" text, "email" varchar, "age" integer, "city_id" integer, "created_at" datetime(6) NOT NULL, "updated_at" datetime(6) NOT NULL)[0m
  [1m[35m (2.3ms)[0m  [1m[35mCREATE INDEX "index_users_on_city_id" ON "users" ("city_id")[0m
  [1m[36mTRANSACTION (0.0ms)[0m  [1m[36mbegin transaction[0m
  [1m[35m (0.0ms)[0m  [1m[35mPRAGMA foreign_keys[0m
  [1m[35m (0.0ms)[0m  [1m[35mPRAGMA defer_foreign_keys[0m
  [1m[35m (0.0ms)[0m  [1m[35mPRAGMA defer_foreign_keys = ON[0m
  [1m[35m (0.0ms)[0m  [1m[35mPRAGMA foreign_keys = OFF[0m
  [1m[35m (0.2ms)[0m  [1m[35mCREATE TEMPORARY TABLE "acomments" ("id" integer NOT NULL PRIMARY KEY, "content" text DEFAULT NULL, "gossip_id" integer DEFAULT NULL, "created_at" datetime(6) NOT NULL, "updated_at" datetime(6) NOT NULL, "user_id" integer DEFAULT NULL)[0m
  [1m[35m (0.2ms)[0m  [1m[35mCREATE INDEX "tindex_acomments_on_user_id" ON "acomments" ("user_id")[0m
  [1m[35m (0.1ms)[0m  [1m[35mCREATE INDEX "tindex_acomments_on_gossip_id" ON "acomments" ("gossip_id")[0m
  [1m[35m (0.1ms)[0m  [1m[32mINSERT INTO "acomments" ("id","content","gossip_id","created_at","updated_at","user_id")
                     SELECT "id","content","gossip_id","created_at","updated_at","user_id" FROM "comments"[0m
  [1m[35m (0.6ms)[0m  [1m[35mDROP TABLE "comments"[0m
  [1m[35m (0.1ms)[0m  [1m[35mCREATE TABLE "comments" ("id" integer NOT NULL PRIMARY KEY, "content" text DEFAULT NULL, "gossip_id" integer DEFAULT NULL, "created_at" datetime(6) NOT NULL, "updated_at" datetime(6) NOT NULL, "user_id" integer DEFAULT NULL, CONSTRAINT "fk_rails_03de2dc08c"
FOREIGN KEY ("user_id")
  REFERENCES "users" ("id")
)[0m
  [1m[35m (0.1ms)[0m  [1m[35mCREATE INDEX "index_comments_on_gossip_id" ON "comments" ("gossip_id")[0m
  [1m[35m (0.1ms)[0m  [1m[35mCREATE INDEX "index_comments_on_user_id" ON "comments" ("user_id")[0m
  [1m[35m (0.1ms)[0m  [1m[32mINSERT INTO "comments" ("id","content","gossip_id","created_at","updated_at","user_id")
                     SELECT "id","content","gossip_id","created_at","updated_at","user_id" FROM "acomments"[0m
  [1m[35m (0.1ms)[0m  [1m[35mDROP TABLE "acomments"[0m
  [1m[35m (0.3ms)[0m  [1m[35mPRAGMA defer_foreign_keys = 0[0m
  [1m[35m (0.1ms)[0m  [1m[35mPRAGMA foreign_keys = 1[0m
  [1m[36mTRANSACTION (2.1ms)[0m  [1m[36mcommit transaction[0m
  [1m[36mTRANSACTION (0.0ms)[0m  [1m[36mbegin transaction[0m
  [1m[35m (0.0ms)[0m  [1m[35mPRAGMA foreign_keys[0m
  [1m[35m (0.0ms)[0m  [1m[35mPRAGMA defer_foreign_keys[0m
  [1m[35m (0.0ms)[0m  [1m[35mPRAGMA defer_foreign_keys = ON[0m
  [1m[35m (0.0ms)[0m  [1m[35mPRAGMA foreign_keys = OFF[0m
  [1m[35m (0.1ms)[0m  [1m[35mCREATE TEMPORARY TABLE "alikes" ("id" integer NOT NULL PRIMARY KEY, "imageable_type" varchar DEFAULT NULL, "imageable_id" integer DEFAULT NULL, "created_at" datetime(6) NOT NULL, "updated_at" datetime(6) NOT NULL, "user_id" integer DEFAULT NULL)[0m
  [1m[35m (0.1ms)[0m  [1m[35mCREATE INDEX "tindex_alikes_on_user_id" ON "alikes" ("user_id")[0m
  [1m[35m (0.1ms)[0m  [1m[35mCREATE INDEX "tindex_alikes_on_imageable" ON "alikes" ("imageable_type", "imageable_id")[0m
  [1m[35m (0.1ms)[0m  [1m[32mINSERT INTO "alikes" ("id","imageable_type","imageable_id","created_at","updated_at","user_id")
                     SELECT "id","imageable_type","imageable_id","created_at","updated_at","user_id" FROM "likes"[0m
  [1m[35m (0.6ms)[0m  [1m[35mDROP TABLE "likes"[0m
  [1m[35m (0.2ms)[0m  [1m[35mCREATE TABLE "likes" ("id" integer NOT NULL PRIMARY KEY, "imageable_type" varchar DEFAULT NULL, "imageable_id" integer DEFAULT NULL, "created_at" datetime(6) NOT NULL, "updated_at" datetime(6) NOT NULL, "user_id" integer DEFAULT NULL, CONSTRAINT "fk_rails_1e09b5dabf"
FOREIGN KEY ("user_id")
  REFERENCES "users" ("id")
)[0m
  [1m[35m (0.2ms)[0m  [1m[35mCREATE INDEX "index_likes_on_imageable" ON "likes" ("imageable_type", "imageable_id")[0m
  [1m[35m (0.1ms)[0m  [1m[35mCREATE INDEX "index_likes_on_user_id" ON "likes" ("user_id")[0m
  [1m[35m (0.1ms)[0m  [1m[32mINSERT INTO "likes" ("id","imageable_type","imageable_id","created_at","updated_at","user_id")
                     SELECT "id","imageable_type","imageable_id","created_at","updated_at","user_id" FROM "alikes"[0m
  [1m[35m (0.2ms)[0m  [1m[35mDROP TABLE "alikes"[0m
  [1m[35m (0.0ms)[0m  [1m[35mPRAGMA defer_foreign_keys = 0[0m
  [1m[35m (0.0ms)[0m  [1m[35mPRAGMA foreign_keys = 1[0m
  [1m[36mTRANSACTION (2.2ms)[0m  [1m[36mcommit transaction[0m
  [1m[35m (2.4ms)[0m  [1m[35mCREATE TABLE "schema_migrations" ("version" varchar NOT NULL PRIMARY KEY)[0m
  [1m[36mActiveRecord::SchemaMigration Pluck (0.1ms)[0m  [1m[34mSELECT "schema_migrations"."version" FROM "schema_migrations" ORDER BY "schema_migrations"."version" ASC[0m
  [1m[35m (3.8ms)[0m  [1m[32mINSERT INTO "schema_migrations" (version) VALUES (20230504145829)[0m
  [1m[35m (2.3ms)[0m  [1m[32mINSERT INTO "schema_migrations" (version) VALUES
(20230504103143),
(20230504103229),
(20230504103448),
(20230504103720),
(20230504104155),
(20230504112813),
(20230504113343),
(20230504132351),
(20230504142444);

[0m
  [1m[35m (2.9ms)[0m  [1m[35mCREATE TABLE "ar_internal_metadata" ("key" varchar NOT NULL PRIMARY KEY, "value" varchar, "created_at" datetime(6) NOT NULL, "updated_at" datetime(6) NOT NULL)[0m
  [1m[36mActiveRecord::InternalMetadata Load (0.2ms)[0m  [1m[34mSELECT "ar_internal_metadata".* FROM "ar_internal_metadata" WHERE "ar_internal_metadata"."key" = ? LIMIT ?[0m  [["key", "environment"], ["LIMIT", 1]]
  [1m[36mTRANSACTION (0.1ms)[0m  [1m[36mbegin transaction[0m
  [1m[36mActiveRecord::InternalMetadata Create (0.4ms)[0m  [1m[32mINSERT INTO "ar_internal_metadata" ("key", "value", "created_at", "updated_at") VALUES (?, ?, ?, ?)[0m  [["key", "environment"], ["value", "development"], ["created_at", "2023-05-04 19:45:25.490491"], ["updated_at", "2023-05-04 19:45:25.490491"]]
  [1m[36mTRANSACTION (2.0ms)[0m  [1m[36mcommit transaction[0m
  [1m[36mActiveRecord::InternalMetadata Load (0.1ms)[0m  [1m[34mSELECT "ar_internal_metadata".* FROM "ar_internal_metadata" WHERE "ar_internal_metadata"."key" = ? LIMIT ?[0m  [["key", "environment"], ["LIMIT", 1]]
  [1m[36mActiveRecord::InternalMetadata Load (0.1ms)[0m  [1m[34mSELECT "ar_internal_metadata".* FROM "ar_internal_metadata" WHERE "ar_internal_metadata"."key" = ? LIMIT ?[0m  [["key", "schema_sha1"], ["LIMIT", 1]]
  [1m[36mTRANSACTION (0.0ms)[0m  [1m[36mbegin transaction[0m
  [1m[36mActiveRecord::InternalMetadata Create (0.4ms)[0m  [1m[32mINSERT INTO "ar_internal_metadata" ("key", "value", "created_at", "updated_at") VALUES (?, ?, ?, ?)[0m  [["key", "schema_sha1"], ["value", "f95129015bacb73aff6ac7a194a57f4e02354b87"], ["created_at", "2023-05-04 19:45:25.499694"], ["updated_at", "2023-05-04 19:45:25.499694"]]
  [1m[36mTRANSACTION (2.3ms)[0m  [1m[36mcommit transaction[0m
  [1m[35m (0.1ms)[0m  [1m[35mDROP TABLE IF EXISTS "cities"[0m
  [1m[35m (2.6ms)[0m  [1m[35mCREATE TABLE "cities" ("id" integer PRIMARY KEY AUTOINCREMENT NOT NULL, "name" varchar, "zip_code" varchar, "created_at" datetime(6) NOT NULL, "updated_at" datetime(6) NOT NULL)[0m
  [1m[35m (0.1ms)[0m  [1m[35mDROP TABLE IF EXISTS "comments"[0m
  [1m[35m (3.8ms)[0m  [1m[35mCREATE TABLE "comments" ("id" integer PRIMARY KEY AUTOINCREMENT NOT NULL, "content" text, "gossip_id" integer, "created_at" datetime(6) NOT NULL, "updated_at" datetime(6) NOT NULL, "user_id" integer)[0m
  [1m[35m (10.8ms)[0m  [1m[35mCREATE INDEX "index_comments_on_gossip_id" ON "comments" ("gossip_id")[0m
  [1m[35m (8.4ms)[0m  [1m[35mCREATE INDEX "index_comments_on_user_id" ON "comments" ("user_id")[0m
  [1m[35m (0.2ms)[0m  [1m[35mDROP TABLE IF EXISTS "gossips"[0m
  [1m[35m (2.6ms)[0m  [1m[35mCREATE TABLE "gossips" ("id" integer PRIMARY KEY AUTOINCREMENT NOT NULL, "title" varchar, "content" text, "user_id" integer, "created_at" datetime(6) NOT NULL, "updated_at" datetime(6) NOT NULL)[0m
  [1m[35m (1.9ms)[0m  [1m[35mCREATE INDEX "index_gossips_on_user_id" ON "gossips" ("user_id")[0m
  [1m[35m (0.1ms)[0m  [1m[35mDROP TABLE IF EXISTS "intertags"[0m
  [1m[35m (2.7ms)[0m  [1m[35mCREATE TABLE "intertags" ("id" integer PRIMARY KEY AUTOINCREMENT NOT NULL, "gossip_id" integer, "tag_id" integer, "created_at" datetime(6) NOT NULL, "updated_at" datetime(6) NOT NULL)[0m
  [1m[35m (5.1ms)[0m  [1m[35mCREATE INDEX "index_intertags_on_gossip_id" ON "intertags" ("gossip_id")[0m
  [1m[35m (2.4ms)[0m  [1m[35mCREATE INDEX "index_intertags_on_tag_id" ON "intertags" ("tag_id")[0m
  [1m[35m (0.2ms)[0m  [1m[35mDROP TABLE IF EXISTS "likes"[0m
  [1m[35m (2.3ms)[0m  [1m[35mCREATE TABLE "likes" ("id" integer PRIMARY KEY AUTOINCREMENT NOT NULL, "imageable_type" varchar, "imageable_id" integer, "created_at" datetime(6) NOT NULL, "updated_at" datetime(6) NOT NULL, "user_id" integer)[0m
  [1m[35m (2.5ms)[0m  [1m[35mCREATE INDEX "index_likes_on_imageable" ON "likes" ("imageable_type", "imageable_id")[0m
  [1m[35m (3.1ms)[0m  [1m[35mCREATE INDEX "index_likes_on_user_id" ON "likes" ("user_id")[0m
  [1m[35m (0.2ms)[0m  [1m[35mDROP TABLE IF EXISTS "private_messages"[0m
  [1m[35m (2.1ms)[0m  [1m[35mCREATE TABLE "private_messages" ("id" integer PRIMARY KEY AUTOINCREMENT NOT NULL, "recipient_id" integer, "sender_id" integer, "created_at" datetime(6) NOT NULL, "updated_at" datetime(6) NOT NULL)[0m
  [1m[35m (2.5ms)[0m  [1m[35mCREATE INDEX "index_private_messages_on_recipient_id" ON "private_messages" ("recipient_id")[0m
  [1m[35m (2.7ms)[0m  [1m[35mCREATE INDEX "index_private_messages_on_sender_id" ON "private_messages" ("sender_id")[0m
  [1m[35m (0.1ms)[0m  [1m[35mDROP TABLE IF EXISTS "tags"[0m
  [1m[35m (2.3ms)[0m  [1m[35mCREATE TABLE "tags" ("id" integer PRIMARY KEY AUTOINCREMENT NOT NULL, "title" varchar, "created_at" datetime(6) NOT NULL, "updated_at" datetime(6) NOT NULL)[0m
  [1m[35m (0.1ms)[0m  [1m[35mDROP TABLE IF EXISTS "users"[0m
  [1m[35m (2.2ms)[0m  [1m[35mCREATE TABLE "users" ("id" integer PRIMARY KEY AUTOINCREMENT NOT NULL, "first_name" varchar, "last_name" varchar, "description" text, "email" varchar, "age" integer, "city_id" integer, "created_at" datetime(6) NOT NULL, "updated_at" datetime(6) NOT NULL)[0m
  [1m[35m (2.9ms)[0m  [1m[35mCREATE INDEX "index_users_on_city_id" ON "users" ("city_id")[0m
  [1m[36mTRANSACTION (0.0ms)[0m  [1m[36mbegin transaction[0m
  [1m[35m (0.0ms)[0m  [1m[35mPRAGMA foreign_keys[0m
  [1m[35m (0.0ms)[0m  [1m[35mPRAGMA defer_foreign_keys[0m
  [1m[35m (0.0ms)[0m  [1m[35mPRAGMA defer_foreign_keys = ON[0m
  [1m[35m (0.1ms)[0m  [1m[35mPRAGMA foreign_keys = OFF[0m
  [1m[35m (0.3ms)[0m  [1m[35mCREATE TEMPORARY TABLE "acomments" ("id" integer NOT NULL PRIMARY KEY, "content" text DEFAULT NULL, "gossip_id" integer DEFAULT NULL, "created_at" datetime(6) NOT NULL, "updated_at" datetime(6) NOT NULL, "user_id" integer DEFAULT NULL)[0m
  [1m[35m (0.3ms)[0m  [1m[35mCREATE INDEX "tindex_acomments_on_user_id" ON "acomments" ("user_id")[0m
  [1m[35m (0.1ms)[0m  [1m[35mCREATE INDEX "tindex_acomments_on_gossip_id" ON "acomments" ("gossip_id")[0m
  [1m[35m (0.1ms)[0m  [1m[32mINSERT INTO "acomments" ("id","content","gossip_id","created_at","updated_at","user_id")
                     SELECT "id","content","gossip_id","created_at","updated_at","user_id" FROM "comments"[0m
  [1m[35m (0.6ms)[0m  [1m[35mDROP TABLE "comments"[0m
  [1m[35m (0.1ms)[0m  [1m[35mCREATE TABLE "comments" ("id" integer NOT NULL PRIMARY KEY, "content" text DEFAULT NULL, "gossip_id" integer DEFAULT NULL, "created_at" datetime(6) NOT NULL, "updated_at" datetime(6) NOT NULL, "user_id" integer DEFAULT NULL, CONSTRAINT "fk_rails_03de2dc08c"
FOREIGN KEY ("user_id")
  REFERENCES "users" ("id")
)[0m
  [1m[35m (0.1ms)[0m  [1m[35mCREATE INDEX "index_comments_on_gossip_id" ON "comments" ("gossip_id")[0m
  [1m[35m (0.2ms)[0m  [1m[35mCREATE INDEX "index_comments_on_user_id" ON "comments" ("user_id")[0m
  [1m[35m (0.1ms)[0m  [1m[32mINSERT INTO "comments" ("id","content","gossip_id","created_at","updated_at","user_id")
                     SELECT "id","content","gossip_id","created_at","updated_at","user_id" FROM "acomments"[0m
  [1m[35m (0.2ms)[0m  [1m[35mDROP TABLE "acomments"[0m
  [1m[35m (0.0ms)[0m  [1m[35mPRAGMA defer_foreign_keys = 0[0m
  [1m[35m (0.1ms)[0m  [1m[35mPRAGMA foreign_keys = 1[0m
  [1m[36mTRANSACTION (2.3ms)[0m  [1m[36mcommit transaction[0m
  [1m[36mTRANSACTION (0.0ms)[0m  [1m[36mbegin transaction[0m
  [1m[35m (0.0ms)[0m  [1m[35mPRAGMA foreign_keys[0m
  [1m[35m (0.1ms)[0m  [1m[35mPRAGMA defer_foreign_keys[0m
  [1m[35m (0.0ms)[0m  [1m[35mPRAGMA defer_foreign_keys = ON[0m
  [1m[35m (0.0ms)[0m  [1m[35mPRAGMA foreign_keys = OFF[0m
  [1m[35m (0.1ms)[0m  [1m[35mCREATE TEMPORARY TABLE "alikes" ("id" integer NOT NULL PRIMARY KEY, "imageable_type" varchar DEFAULT NULL, "imageable_id" integer DEFAULT NULL, "created_at" datetime(6) NOT NULL, "updated_at" datetime(6) NOT NULL, "user_id" integer DEFAULT NULL)[0m
  [1m[35m (0.2ms)[0m  [1m[35mCREATE INDEX "tindex_alikes_on_user_id" ON "alikes" ("user_id")[0m
  [1m[35m (0.1ms)[0m  [1m[35mCREATE INDEX "tindex_alikes_on_imageable" ON "alikes" ("imageable_type", "imageable_id")[0m
  [1m[35m (0.1ms)[0m  [1m[32mINSERT INTO "alikes" ("id","imageable_type","imageable_id","created_at","updated_at","user_id")
                     SELECT "id","imageable_type","imageable_id","created_at","updated_at","user_id" FROM "likes"[0m
  [1m[35m (1.8ms)[0m  [1m[35mDROP TABLE "likes"[0m
  [1m[35m (0.2ms)[0m  [1m[35mCREATE TABLE "likes" ("id" integer NOT NULL PRIMARY KEY, "imageable_type" varchar DEFAULT NULL, "imageable_id" integer DEFAULT NULL, "created_at" datetime(6) NOT NULL, "updated_at" datetime(6) NOT NULL, "user_id" integer DEFAULT NULL, CONSTRAINT "fk_rails_1e09b5dabf"
FOREIGN KEY ("user_id")
  REFERENCES "users" ("id")
)[0m
  [1m[35m (0.1ms)[0m  [1m[35mCREATE INDEX "index_likes_on_imageable" ON "likes" ("imageable_type", "imageable_id")[0m
  [1m[35m (0.1ms)[0m  [1m[35mCREATE INDEX "index_likes_on_user_id" ON "likes" ("user_id")[0m
  [1m[35m (0.1ms)[0m  [1m[32mINSERT INTO "likes" ("id","imageable_type","imageable_id","created_at","updated_at","user_id")
                     SELECT "id","imageable_type","imageable_id","created_at","updated_at","user_id" FROM "alikes"[0m
  [1m[35m (0.1ms)[0m  [1m[35mDROP TABLE "alikes"[0m
  [1m[35m (0.0ms)[0m  [1m[35mPRAGMA defer_foreign_keys = 0[0m
  [1m[35m (0.0ms)[0m  [1m[35mPRAGMA foreign_keys = 1[0m
  [1m[36mTRANSACTION (2.8ms)[0m  [1m[36mcommit transaction[0m
  [1m[35m (4.9ms)[0m  [1m[35mCREATE TABLE "schema_migrations" ("version" varchar NOT NULL PRIMARY KEY)[0m
  [1m[36mActiveRecord::SchemaMigration Pluck (0.1ms)[0m  [1m[34mSELECT "schema_migrations"."version" FROM "schema_migrations" ORDER BY "schema_migrations"."version" ASC[0m
  [1m[35m (2.3ms)[0m  [1m[32mINSERT INTO "schema_migrations" (version) VALUES (20230504145829)[0m
  [1m[35m (2.2ms)[0m  [1m[32mINSERT INTO "schema_migrations" (version) VALUES
(20230504103143),
(20230504103229),
(20230504103448),
(20230504103720),
(20230504104155),
(20230504112813),
(20230504113343),
(20230504132351),
(20230504142444);

[0m
  [1m[35m (2.7ms)[0m  [1m[35mCREATE TABLE "ar_internal_metadata" ("key" varchar NOT NULL PRIMARY KEY, "value" varchar, "created_at" datetime(6) NOT NULL, "updated_at" datetime(6) NOT NULL)[0m
  [1m[36mActiveRecord::InternalMetadata Load (0.2ms)[0m  [1m[34mSELECT "ar_internal_metadata".* FROM "ar_internal_metadata" WHERE "ar_internal_metadata"."key" = ? LIMIT ?[0m  [["key", "environment"], ["LIMIT", 1]]
  [1m[36mTRANSACTION (0.0ms)[0m  [1m[36mbegin transaction[0m
  [1m[36mActiveRecord::InternalMetadata Create (0.4ms)[0m  [1m[32mINSERT INTO "ar_internal_metadata" ("key", "value", "created_at", "updated_at") VALUES (?, ?, ?, ?)[0m  [["key", "environment"], ["value", "development"], ["created_at", "2023-05-04 19:45:25.665361"], ["updated_at", "2023-05-04 19:45:25.665361"]]
  [1m[36mTRANSACTION (2.2ms)[0m  [1m[36mcommit transaction[0m
  [1m[36mActiveRecord::InternalMetadata Load (0.1ms)[0m  [1m[34mSELECT "ar_internal_metadata".* FROM "ar_internal_metadata" WHERE "ar_internal_metadata"."key" = ? LIMIT ?[0m  [["key", "environment"], ["LIMIT", 1]]
  [1m[36mTRANSACTION (0.0ms)[0m  [1m[36mbegin transaction[0m
  [1m[36mActiveRecord::InternalMetadata Update (0.3ms)[0m  [1m[33mUPDATE "ar_internal_metadata" SET "value" = ?, "updated_at" = ? WHERE "ar_internal_metadata"."key" = ?[0m  [["value", "test"], ["updated_at", "2023-05-04 19:45:25.672038"], ["key", "environment"]]
  [1m[36mTRANSACTION (1.9ms)[0m  [1m[36mcommit transaction[0m
  [1m[36mActiveRecord::InternalMetadata Load (0.1ms)[0m  [1m[34mSELECT "ar_internal_metadata".* FROM "ar_internal_metadata" WHERE "ar_internal_metadata"."key" = ? LIMIT ?[0m  [["key", "schema_sha1"], ["LIMIT", 1]]
  [1m[36mTRANSACTION (0.0ms)[0m  [1m[36mbegin transaction[0m
  [1m[36mActiveRecord::InternalMetadata Create (0.6ms)[0m  [1m[32mINSERT INTO "ar_internal_metadata" ("key", "value", "created_at", "updated_at") VALUES (?, ?, ?, ?)[0m  [["key", "schema_sha1"], ["value", "f95129015bacb73aff6ac7a194a57f4e02354b87"], ["created_at", "2023-05-04 19:45:25.678696"], ["updated_at", "2023-05-04 19:45:25.678696"]]
  [1m[36mTRANSACTION (2.2ms)[0m  [1m[36mcommit transaction[0m
  [1m[36mActiveRecord::SchemaMigration Pluck (0.1ms)[0m  [1m[34mSELECT "schema_migrations"."version" FROM "schema_migrations" ORDER BY "schema_migrations"."version" ASC[0m
  [1m[36mUser Pluck (0.1ms)[0m  [1m[34mSELECT "users"."id" FROM "users"[0m
  [1m[36mTag Pluck (0.2ms)[0m  [1m[34mSELECT "tags"."id" FROM "tags"[0m
  [1m[36mGossip Pluck (0.1ms)[0m  [1m[34mSELECT "gossips"."id" FROM "gossips"[0m
